<?xml version="1.0" encoding="UTF-8"?>
<!-- Generated by org.testng.reporters.JUnitReportReporter -->
<testsuite hostname="Shukhrat" failures="0" tests="1" name="TestWithPageObjectModel.PageObjectModelDemo1" time="10.049" errors="0" timestamp="2022-01-17T20:59:19 EST" skipped="0">
  <testcase classname="TestWithPageObjectModel.PageObjectModelDemo1" name="testPageFactory" time="10.049"/>
  <system-out/>
</testsuite> <!-- TestWithPageObjectModel.PageObjectModelDemo1 -->
