<?xml version="1.0" encoding="UTF-8"?>
<!-- Generated by org.testng.reporters.JUnitReportReporter -->
<testsuite hostname="Shukhrat" failures="0" tests="1" name="page.objects.CheapOAirDemoTest" time="21.241" errors="0" timestamp="2022-01-18T22:15:41 EST" skipped="0">
  <testcase classname="page.objects.CheapOAirDemoTest" name="testFromBox" time="21.241"/>
  <system-out/>
</testsuite> <!-- page.objects.CheapOAirDemoTest -->
