<?xml version="1.0" encoding="UTF-8"?>
<!-- Generated by org.testng.reporters.JUnitReportReporter -->
<testsuite hostname="Shukhrat" failures="0" tests="3" name="Test2.Demo2Test" time="0.038" errors="0" timestamp="2022-01-16T23:07:20 EST" skipped="0">
  <testcase classname="Test2.Demo2Test" name="testZ" time="0.005"/>
  <system-out/>
  <testcase classname="Test2.Demo2Test" name="testX" time="0.030"/>
  <system-out/>
  <testcase classname="Test2.Demo2Test" name="testY" time="0.003"/>
  <system-out/>
</testsuite> <!-- Test2.Demo2Test -->
