<?xml version="1.0" encoding="UTF-8"?>
<!-- Generated by org.testng.reporters.JUnitReportReporter -->
<testsuite hostname="Shukhrat" failures="0" tests="3" name="Test1.DemoTest" time="0.011" errors="0" timestamp="2022-01-16T23:41:36 EST" skipped="0">
  <testcase classname="Test1.DemoTest" name="testA" time="0.011"/>
  <system-out/>
  <testcase classname="Test1.DemoTest" name="testB" time="0.000"/>
  <system-out/>
  <testcase classname="Test1.DemoTest" name="testC" time="0.000"/>
  <system-out/>
</testsuite> <!-- Test1.DemoTest -->
