<?xml version="1.0" encoding="UTF-8"?>
<!-- Generated by org.testng.reporters.JUnitReportReporter -->
<testsuite hostname="Shukhrat" failures="0" tests="3" name="Test2.Demo2Test" time="0.001" errors="0" timestamp="2022-01-16T23:41:36 EST" skipped="0">
  <testcase classname="Test2.Demo2Test" name="testG" time="0.001"/>
  <system-out/>
  <testcase classname="Test2.Demo2Test" name="testF" time="0.000"/>
  <system-out/>
  <testcase classname="Test2.Demo2Test" name="testH" time="0.000"/>
  <system-out/>
</testsuite> <!-- Test2.Demo2Test -->
