<?xml version="1.0" encoding="UTF-8"?>
<!-- Generated by org.testng.reporters.JUnitReportReporter -->
<testsuite hostname="Shukhrat" failures="0" tests="3" name="Test3.Demo3Test" time="0.001" errors="0" timestamp="2022-01-16T23:41:36 EST" skipped="0">
  <testcase classname="Test3.Demo3Test" name="testY" time="0.000"/>
  <system-out/>
  <testcase classname="Test3.Demo3Test" name="testZ" time="0.000"/>
  <system-out/>
  <testcase classname="Test3.Demo3Test" name="testX" time="0.001"/>
  <system-out/>
</testsuite> <!-- Test3.Demo3Test -->
